[2020-03-19 21:22:44,289] root (150) INFO: Set seed: 2303186766
[2020-03-19 21:22:44,289] root (162) INFO: Outputs - History: ../output/crnn_ft_class_20200319-212244.csv Checkpoint: ../model/crnn_ft_class_20200319-212244.hdf5 Periodic Checkpoint: ../model/crnn_ft_class_20200319-212244_e{epoch:02d}.hdf5
[2020-03-19 21:22:44,701] root (183) INFO: Constructing model...
[2020-03-19 21:22:47,525] root (232) INFO: Loss function: categorical_crossentropy
[2020-03-19 21:22:47,590] root (241) INFO: Model: "model"
_________________________________________________________________
Layer (type)                 Output Shape              Param #   
=================================================================
conv1d_input (InputLayer)    [(None, None, 12)]        0         
_________________________________________________________________
conv1d (Conv1D)              (None, None, 64)          2368      
_________________________________________________________________
max_pooling1d (MaxPooling1D) (None, None, 64)          0         
_________________________________________________________________
conv1d_1 (Conv1D)            (None, None, 128)         24704     
_________________________________________________________________
max_pooling1d_1 (MaxPooling1 (None, None, 128)         0         
_________________________________________________________________
conv1d_2 (Conv1D)            (None, None, 256)         98560     
_________________________________________________________________
batch_normalization (BatchNo (None, None, 256)         1024      
_________________________________________________________________
conv1d_3 (Conv1D)            (None, None, 256)         196864    
_________________________________________________________________
max_pooling1d_2 (MaxPooling1 (None, None, 256)         0         
_________________________________________________________________
conv1d_4 (Conv1D)            (None, None, 512)         393728    
_________________________________________________________________
batch_normalization_1 (Batch (None, None, 512)         2048      
_________________________________________________________________
conv1d_5 (Conv1D)            (None, None, 512)         786944    
_________________________________________________________________
max_pooling1d_3 (MaxPooling1 (None, None, 512)         0         
_________________________________________________________________
conv1d_6 (Conv1D)            (None, None, 512)         786944    
_________________________________________________________________
max_pooling1d_4 (MaxPooling1 (None, None, 512)         0         
_________________________________________________________________
bidirectional (Bidirectional (None, None, 512)         1182720   
_________________________________________________________________
bidirectional_1 (Bidirection (None, 512)               1182720   
_________________________________________________________________
dropout (Dropout)            (None, 512)               0         
_________________________________________________________________
dense (Dense)                (None, 8)                 4104      
=================================================================
Total params: 4,662,728
Trainable params: 4,104
Non-trainable params: 4,658,624
_________________________________________________________________

[2020-03-19 21:22:47,590] root (248) INFO: Start training...
[2020-03-19 21:22:47,890] tensorflow (1091) WARNING: sample_weight modes were coerced from
  ...
    to  
  ['...']
[2020-03-19 21:22:48,211] tensorflow (1091) WARNING: sample_weight modes were coerced from
  ...
    to  
  ['...']
[2020-03-19 21:22:57,521] root (203) INFO: Learning rate is 9.99999993922529e-09
[2020-03-19 21:23:18,462] root (203) INFO: Learning rate is 2.1400226614787243e-05
[2020-03-19 21:23:40,834] root (203) INFO: Learning rate is 1.0705112799769267e-05
[2020-03-19 21:24:03,600] root (203) INFO: Learning rate is 4.020666892756708e-06
[2020-03-19 21:24:26,208] root (203) INFO: Learning rate is 1.3468891211232403e-06
[2020-03-19 21:24:50,805] root (203) INFO: Learning rate is 4.277796961105196e-07
[2020-03-19 21:25:10,916] root (203) INFO: Learning rate is 9.99999993922529e-09
[2020-03-19 21:25:33,831] root (203) INFO: Learning rate is 2.1400226614787243e-05
[2020-03-19 21:25:57,829] root (203) INFO: Learning rate is 1.0705112799769267e-05
[2020-03-19 21:26:22,136] root (203) INFO: Learning rate is 4.020666892756708e-06
[2020-03-19 21:26:46,703] root (203) INFO: Learning rate is 1.3468891211232403e-06
[2020-03-19 21:27:10,652] root (203) INFO: Learning rate is 4.277796961105196e-07
[2020-03-19 21:27:29,390] root (203) INFO: Learning rate is 9.99999993922529e-09
[2020-03-19 21:27:52,738] root (203) INFO: Learning rate is 2.1400226614787243e-05
[2020-03-19 21:28:16,967] root (203) INFO: Learning rate is 1.0705112799769267e-05
[2020-03-19 21:28:41,416] root (203) INFO: Learning rate is 4.020666892756708e-06
[2020-03-19 21:29:05,857] root (203) INFO: Learning rate is 1.3468891211232403e-06
[2020-03-19 21:29:29,769] root (203) INFO: Learning rate is 4.277796961105196e-07
[2020-03-19 21:29:48,649] root (203) INFO: Learning rate is 9.99999993922529e-09
[2020-03-19 21:30:11,717] root (203) INFO: Learning rate is 2.1400226614787243e-05
[2020-03-19 21:30:34,799] root (203) INFO: Learning rate is 1.0705112799769267e-05
[2020-03-19 21:30:57,730] root (203) INFO: Learning rate is 4.020666892756708e-06
[2020-03-19 21:31:20,360] root (203) INFO: Learning rate is 1.3468891211232403e-06
[2020-03-19 21:31:43,221] root (203) INFO: Learning rate is 4.277796961105196e-07
[2020-03-19 21:32:00,777] root (203) INFO: Learning rate is 9.99999993922529e-09
[2020-03-19 21:32:22,656] root (203) INFO: Learning rate is 2.1400226614787243e-05
[2020-03-19 21:32:45,783] root (203) INFO: Learning rate is 1.0705112799769267e-05
[2020-03-19 21:33:08,368] root (203) INFO: Learning rate is 4.020666892756708e-06
[2020-03-19 21:33:30,763] root (203) INFO: Learning rate is 1.3468891211232403e-06
[2020-03-19 21:33:53,386] root (203) INFO: Learning rate is 4.277796961105196e-07
[2020-03-19 21:34:11,018] root (203) INFO: Learning rate is 9.99999993922529e-09
[2020-03-19 21:34:33,508] root (203) INFO: Learning rate is 2.1400226614787243e-05
[2020-03-19 21:34:57,859] root (203) INFO: Learning rate is 1.0705112799769267e-05
[2020-03-19 21:35:21,994] root (203) INFO: Learning rate is 4.020666892756708e-06
[2020-03-19 21:35:46,212] root (203) INFO: Learning rate is 1.3468891211232403e-06
[2020-03-19 21:36:11,183] root (203) INFO: Learning rate is 4.277796961105196e-07
[2020-03-19 21:36:30,085] root (203) INFO: Learning rate is 9.99999993922529e-09
[2020-03-19 21:36:54,071] root (203) INFO: Learning rate is 2.1400226614787243e-05
[2020-03-19 21:37:18,186] root (203) INFO: Learning rate is 1.0705112799769267e-05
[2020-03-19 21:37:42,314] root (203) INFO: Learning rate is 4.020666892756708e-06
[2020-03-19 21:38:06,824] root (203) INFO: Learning rate is 1.3468891211232403e-06
[2020-03-19 21:38:31,756] root (203) INFO: Learning rate is 4.277796961105196e-07
[2020-03-19 21:38:50,891] root (203) INFO: Learning rate is 9.99999993922529e-09
[2020-03-19 21:39:14,559] root (203) INFO: Learning rate is 2.1400226614787243e-05
[2020-03-19 21:39:39,855] root (203) INFO: Learning rate is 1.0705112799769267e-05
[2020-03-19 21:40:05,236] root (203) INFO: Learning rate is 4.020666892756708e-06
[2020-03-19 21:40:29,398] root (203) INFO: Learning rate is 1.3468891211232403e-06
[2020-03-19 21:40:53,599] root (203) INFO: Learning rate is 4.277796961105196e-07
[2020-03-19 21:41:12,012] root (203) INFO: Learning rate is 9.99999993922529e-09
[2020-03-19 21:41:34,172] root (203) INFO: Learning rate is 2.1400226614787243e-05
[2020-03-19 21:41:57,269] root (203) INFO: Learning rate is 1.0705112799769267e-05
[2020-03-19 21:42:20,223] root (203) INFO: Learning rate is 4.020666892756708e-06
[2020-03-19 21:42:43,486] root (203) INFO: Learning rate is 1.3468891211232403e-06
[2020-03-19 21:43:06,677] root (203) INFO: Learning rate is 4.277796961105196e-07
[2020-03-19 21:43:24,049] root (203) INFO: Learning rate is 9.99999993922529e-09
[2020-03-19 21:43:46,287] root (203) INFO: Learning rate is 2.1400226614787243e-05
[2020-03-19 21:44:09,281] root (203) INFO: Learning rate is 1.0705112799769267e-05
[2020-03-19 21:44:32,959] root (203) INFO: Learning rate is 4.020666892756708e-06
[2020-03-19 21:44:58,030] root (203) INFO: Learning rate is 1.3468891211232403e-06
[2020-03-19 21:45:22,828] root (203) INFO: Learning rate is 4.277796961105196e-07
[2020-03-19 21:45:42,259] root (203) INFO: Learning rate is 9.99999993922529e-09
[2020-03-19 21:46:05,755] root (203) INFO: Learning rate is 2.1400226614787243e-05
[2020-03-19 21:46:29,717] root (203) INFO: Learning rate is 1.0705112799769267e-05
[2020-03-19 21:46:54,264] root (203) INFO: Learning rate is 4.020666892756708e-06
[2020-03-19 21:47:18,407] root (203) INFO: Learning rate is 1.3468891211232403e-06
[2020-03-19 21:47:42,648] root (203) INFO: Learning rate is 4.277796961105196e-07
[2020-03-19 21:48:01,643] root (203) INFO: Learning rate is 9.99999993922529e-09
[2020-03-19 21:48:25,639] root (203) INFO: Learning rate is 2.1400226614787243e-05
[2020-03-19 21:48:50,008] root (203) INFO: Learning rate is 1.0705112799769267e-05
[2020-03-19 21:49:14,521] root (203) INFO: Learning rate is 4.020666892756708e-06
[2020-03-19 21:49:38,855] root (203) INFO: Learning rate is 1.3468891211232403e-06
[2020-03-19 21:50:03,040] root (203) INFO: Learning rate is 4.277796961105196e-07
[2020-03-19 21:50:20,765] root (203) INFO: Learning rate is 9.99999993922529e-09
[2020-03-19 21:50:42,601] root (203) INFO: Learning rate is 2.1400226614787243e-05
[2020-03-19 21:51:05,418] root (203) INFO: Learning rate is 1.0705112799769267e-05
[2020-03-19 21:51:28,397] root (203) INFO: Learning rate is 4.020666892756708e-06
[2020-03-19 21:51:51,392] root (203) INFO: Learning rate is 1.3468891211232403e-06
[2020-03-19 21:52:13,987] root (203) INFO: Learning rate is 4.277796961105196e-07
[2020-03-19 21:52:31,533] root (203) INFO: Learning rate is 9.99999993922529e-09
[2020-03-19 21:52:53,542] root (203) INFO: Learning rate is 2.1400226614787243e-05
[2020-03-19 21:53:16,000] root (203) INFO: Learning rate is 1.0705112799769267e-05
[2020-03-19 21:53:38,699] root (203) INFO: Learning rate is 4.020666892756708e-06
[2020-03-19 21:54:01,594] root (203) INFO: Learning rate is 1.3468891211232403e-06
[2020-03-19 21:54:24,265] root (203) INFO: Learning rate is 4.277796961105196e-07
[2020-03-19 21:54:43,239] root (203) INFO: Learning rate is 9.99999993922529e-09
[2020-03-19 21:55:06,838] root (203) INFO: Learning rate is 2.1400226614787243e-05
[2020-03-19 21:55:31,052] root (203) INFO: Learning rate is 1.0705112799769267e-05
[2020-03-19 21:55:54,925] root (203) INFO: Learning rate is 4.020666892756708e-06
[2020-03-19 21:56:19,281] root (203) INFO: Learning rate is 1.3468891211232403e-06
[2020-03-19 21:56:44,093] root (203) INFO: Learning rate is 4.277796961105196e-07
[2020-03-19 21:57:02,890] root (203) INFO: Learning rate is 9.99999993922529e-09
[2020-03-19 21:57:26,580] root (203) INFO: Learning rate is 2.1400226614787243e-05
[2020-03-19 21:57:50,966] root (203) INFO: Learning rate is 1.0705112799769267e-05
[2020-03-19 21:58:15,355] root (203) INFO: Learning rate is 4.020666892756708e-06
[2020-03-19 21:58:39,508] root (203) INFO: Learning rate is 1.3468891211232403e-06
[2020-03-19 21:59:04,225] root (203) INFO: Learning rate is 4.277796961105196e-07
[2020-03-19 21:59:22,956] root (203) INFO: Learning rate is 9.99999993922529e-09
[2020-03-19 21:59:46,503] root (203) INFO: Learning rate is 2.1400226614787243e-05
[2020-03-19 22:00:10,297] root (203) INFO: Learning rate is 1.0705112799769267e-05
[2020-03-19 22:00:33,255] root (203) INFO: Learning rate is 4.020666892756708e-06
[2020-03-19 22:00:56,430] root (203) INFO: Learning rate is 1.3468891211232403e-06
[2020-03-19 22:01:19,130] root (203) INFO: Learning rate is 4.277796961105196e-07
[2020-03-19 22:01:36,988] root (203) INFO: Learning rate is 9.99999993922529e-09
[2020-03-19 22:01:58,567] root (203) INFO: Learning rate is 2.1400226614787243e-05
[2020-03-19 22:02:21,129] root (203) INFO: Learning rate is 1.0705112799769267e-05
[2020-03-19 22:02:43,549] root (203) INFO: Learning rate is 4.020666892756708e-06
[2020-03-19 22:03:06,083] root (203) INFO: Learning rate is 1.3468891211232403e-06
[2020-03-19 22:03:28,499] root (203) INFO: Learning rate is 4.277796961105196e-07
[2020-03-19 22:03:45,861] root (203) INFO: Learning rate is 9.99999993922529e-09
[2020-03-19 22:04:07,015] root (203) INFO: Learning rate is 2.1400226614787243e-05
[2020-03-19 22:04:29,908] root (203) INFO: Learning rate is 1.0705112799769267e-05
[2020-03-19 22:04:53,999] root (203) INFO: Learning rate is 4.020666892756708e-06
[2020-03-19 22:05:18,217] root (203) INFO: Learning rate is 1.3468891211232403e-06
[2020-03-19 22:05:42,162] root (203) INFO: Learning rate is 4.277796961105196e-07
[2020-03-19 22:06:01,211] root (203) INFO: Learning rate is 9.99999993922529e-09
[2020-03-19 22:06:24,784] root (203) INFO: Learning rate is 2.1400226614787243e-05
[2020-03-19 22:06:49,238] root (203) INFO: Learning rate is 1.0705112799769267e-05
[2020-03-19 22:07:13,786] root (203) INFO: Learning rate is 4.020666892756708e-06
[2020-03-19 22:07:38,289] root (203) INFO: Learning rate is 1.3468891211232403e-06
[2020-03-19 22:08:02,524] root (203) INFO: Learning rate is 4.277796961105196e-07
[2020-03-19 22:08:21,520] root (203) INFO: Learning rate is 9.99999993922529e-09
[2020-03-19 22:08:45,577] root (203) INFO: Learning rate is 2.1400226614787243e-05
[2020-03-19 22:09:10,138] root (203) INFO: Learning rate is 1.0705112799769267e-05
[2020-03-19 22:09:34,733] root (203) INFO: Learning rate is 4.020666892756708e-06
[2020-03-19 22:09:59,027] root (203) INFO: Learning rate is 1.3468891211232403e-06
[2020-03-19 22:10:22,170] root (203) INFO: Learning rate is 4.277796961105196e-07
[2020-03-19 22:10:39,950] root (203) INFO: Learning rate is 9.99999993922529e-09
[2020-03-19 22:11:02,039] root (203) INFO: Learning rate is 2.1400226614787243e-05
[2020-03-19 22:11:24,960] root (203) INFO: Learning rate is 1.0705112799769267e-05
[2020-03-19 22:11:48,086] root (203) INFO: Learning rate is 4.020666892756708e-06
[2020-03-19 22:12:10,587] root (203) INFO: Learning rate is 1.3468891211232403e-06
[2020-03-19 22:12:33,234] root (203) INFO: Learning rate is 4.277796961105196e-07
[2020-03-19 22:12:50,761] root (203) INFO: Learning rate is 9.99999993922529e-09
[2020-03-19 22:13:13,051] root (203) INFO: Learning rate is 2.1400226614787243e-05
[2020-03-19 22:13:35,507] root (203) INFO: Learning rate is 1.0705112799769267e-05
[2020-03-19 22:13:57,986] root (203) INFO: Learning rate is 4.020666892756708e-06
[2020-03-19 22:14:20,713] root (203) INFO: Learning rate is 1.3468891211232403e-06
[2020-03-19 22:14:44,824] root (203) INFO: Learning rate is 4.277796961105196e-07
[2020-03-19 22:15:03,803] root (203) INFO: Learning rate is 9.99999993922529e-09
[2020-03-19 22:15:26,935] root (203) INFO: Learning rate is 2.1400226614787243e-05
[2020-03-19 22:15:51,480] root (203) INFO: Learning rate is 1.0705112799769267e-05
[2020-03-19 22:16:16,014] root (203) INFO: Learning rate is 4.020666892756708e-06
[2020-03-19 22:16:40,858] root (203) INFO: Learning rate is 1.3468891211232403e-06
[2020-03-19 22:17:05,369] root (203) INFO: Learning rate is 4.277796961105196e-07
[2020-03-19 22:17:24,662] root (203) INFO: Learning rate is 9.99999993922529e-09
[2020-03-19 22:17:47,946] root (203) INFO: Learning rate is 2.1400226614787243e-05
[2020-03-19 22:18:12,300] root (203) INFO: Learning rate is 1.0705112799769267e-05
[2020-03-19 22:18:36,889] root (203) INFO: Learning rate is 4.020666892756708e-06
[2020-03-19 22:19:01,665] root (203) INFO: Learning rate is 1.3468891211232403e-06
[2020-03-19 22:19:26,013] root (203) INFO: Learning rate is 4.277796961105196e-07
[2020-03-19 22:19:44,799] root (203) INFO: Learning rate is 9.99999993922529e-09
[2020-03-19 22:20:08,128] root (203) INFO: Learning rate is 2.1400226614787243e-05
[2020-03-19 22:20:31,233] root (203) INFO: Learning rate is 1.0705112799769267e-05
[2020-03-19 22:20:55,461] root (203) INFO: Learning rate is 4.020666892756708e-06
[2020-03-19 22:21:19,571] root (203) INFO: Learning rate is 1.3468891211232403e-06
[2020-03-19 22:21:43,736] root (203) INFO: Learning rate is 4.277796961105196e-07
[2020-03-19 22:22:02,520] root (203) INFO: Learning rate is 9.99999993922529e-09
[2020-03-19 22:22:24,877] root (203) INFO: Learning rate is 2.1400226614787243e-05
[2020-03-19 22:22:47,580] root (203) INFO: Learning rate is 1.0705112799769267e-05
[2020-03-19 22:23:10,717] root (203) INFO: Learning rate is 4.020666892756708e-06
[2020-03-19 22:23:33,819] root (203) INFO: Learning rate is 1.3468891211232403e-06
[2020-03-19 22:23:56,859] root (203) INFO: Learning rate is 4.277796961105196e-07
[2020-03-19 22:24:14,338] root (203) INFO: Learning rate is 9.99999993922529e-09
[2020-03-19 22:24:36,809] root (203) INFO: Learning rate is 2.1400226614787243e-05
[2020-03-19 22:25:01,883] root (203) INFO: Learning rate is 1.0705112799769267e-05
[2020-03-19 22:25:26,676] root (203) INFO: Learning rate is 4.020666892756708e-06
[2020-03-19 22:25:50,847] root (203) INFO: Learning rate is 1.3468891211232403e-06
[2020-03-19 22:26:15,296] root (203) INFO: Learning rate is 4.277796961105196e-07
[2020-03-19 22:26:34,296] root (203) INFO: Learning rate is 9.99999993922529e-09
[2020-03-19 22:26:57,968] root (203) INFO: Learning rate is 2.1400226614787243e-05
[2020-03-19 22:27:22,755] root (203) INFO: Learning rate is 1.0705112799769267e-05
[2020-03-19 22:27:47,353] root (203) INFO: Learning rate is 4.020666892756708e-06
[2020-03-19 22:28:11,768] root (203) INFO: Learning rate is 1.3468891211232403e-06
[2020-03-19 22:28:36,234] root (203) INFO: Learning rate is 4.277796961105196e-07
[2020-03-19 22:28:55,176] root (203) INFO: Learning rate is 9.99999993922529e-09
[2020-03-19 22:29:19,156] root (203) INFO: Learning rate is 2.1400226614787243e-05
[2020-03-19 22:29:43,679] root (203) INFO: Learning rate is 1.0705112799769267e-05
[2020-03-19 22:30:07,663] root (203) INFO: Learning rate is 4.020666892756708e-06
[2020-03-19 22:30:30,890] root (203) INFO: Learning rate is 1.3468891211232403e-06
[2020-03-19 22:30:53,677] root (203) INFO: Learning rate is 4.277796961105196e-07
[2020-03-19 22:31:11,368] root (203) INFO: Learning rate is 9.99999993922529e-09
[2020-03-19 22:31:33,806] root (203) INFO: Learning rate is 2.1400226614787243e-05
[2020-03-19 22:31:56,622] root (203) INFO: Learning rate is 1.0705112799769267e-05
[2020-03-19 22:32:18,773] root (203) INFO: Learning rate is 4.020666892756708e-06
[2020-03-19 22:32:41,266] root (203) INFO: Learning rate is 1.3468891211232403e-06
[2020-03-19 22:33:04,100] root (203) INFO: Learning rate is 4.277796961105196e-07
[2020-03-19 22:33:21,693] root (203) INFO: Learning rate is 9.99999993922529e-09
[2020-03-19 22:33:43,427] root (203) INFO: Learning rate is 2.1400226614787243e-05
[2020-03-19 22:34:06,240] root (203) INFO: Learning rate is 1.0705112799769267e-05
[2020-03-19 22:34:29,481] root (203) INFO: Learning rate is 4.020666892756708e-06
[2020-03-19 22:34:53,815] root (203) INFO: Learning rate is 1.3468891211232403e-06
[2020-03-19 22:35:18,227] root (203) INFO: Learning rate is 4.277796961105196e-07
[2020-03-19 22:35:36,777] root (203) INFO: Learning rate is 9.99999993922529e-09
[2020-03-19 22:36:00,787] root (203) INFO: Learning rate is 2.1400226614787243e-05
[2020-03-19 22:36:25,116] root (203) INFO: Learning rate is 1.0705112799769267e-05
[2020-03-19 22:36:49,608] root (203) INFO: Learning rate is 4.020666892756708e-06
[2020-03-19 22:37:14,179] root (203) INFO: Learning rate is 1.3468891211232403e-06
[2020-03-19 22:37:38,823] root (203) INFO: Learning rate is 4.277796961105196e-07
[2020-03-19 22:37:57,502] root (203) INFO: Learning rate is 9.99999993922529e-09
[2020-03-19 22:38:21,000] root (203) INFO: Learning rate is 2.1400226614787243e-05
[2020-03-19 22:38:45,417] root (203) INFO: Learning rate is 1.0705112799769267e-05
[2020-03-19 22:39:09,931] root (203) INFO: Learning rate is 4.020666892756708e-06
[2020-03-19 22:39:34,377] root (203) INFO: Learning rate is 1.3468891211232403e-06
[2020-03-19 22:39:58,885] root (203) INFO: Learning rate is 4.277796961105196e-07
[2020-03-19 22:40:17,084] root (203) INFO: Learning rate is 9.99999993922529e-09
[2020-03-19 22:40:38,631] root (203) INFO: Learning rate is 2.1400226614787243e-05
[2020-03-19 22:41:01,646] root (203) INFO: Learning rate is 1.0705112799769267e-05
[2020-03-19 22:41:24,816] root (203) INFO: Learning rate is 4.020666892756708e-06
[2020-03-19 22:41:48,077] root (203) INFO: Learning rate is 1.3468891211232403e-06
[2020-03-19 22:42:10,655] root (203) INFO: Learning rate is 4.277796961105196e-07
[2020-03-19 22:42:28,096] root (203) INFO: Learning rate is 9.99999993922529e-09
[2020-03-19 22:42:50,316] root (203) INFO: Learning rate is 2.1400226614787243e-05
[2020-03-19 22:43:12,941] root (203) INFO: Learning rate is 1.0705112799769267e-05
[2020-03-19 22:43:35,209] root (203) INFO: Learning rate is 4.020666892756708e-06
[2020-03-19 22:43:57,667] root (203) INFO: Learning rate is 1.3468891211232403e-06
[2020-03-19 22:44:19,918] root (203) INFO: Learning rate is 4.277796961105196e-07
[2020-03-19 22:44:38,519] root (203) INFO: Learning rate is 9.99999993922529e-09
[2020-03-19 22:45:01,677] root (203) INFO: Learning rate is 2.1400226614787243e-05
[2020-03-19 22:45:25,827] root (203) INFO: Learning rate is 1.0705112799769267e-05
[2020-03-19 22:45:49,726] root (203) INFO: Learning rate is 4.020666892756708e-06
[2020-03-19 22:46:13,359] root (203) INFO: Learning rate is 1.3468891211232403e-06
[2020-03-19 22:46:37,869] root (203) INFO: Learning rate is 4.277796961105196e-07
[2020-03-19 22:46:56,414] root (203) INFO: Learning rate is 9.99999993922529e-09
[2020-03-19 22:47:19,097] root (203) INFO: Learning rate is 2.1400226614787243e-05
[2020-03-19 22:47:43,260] root (203) INFO: Learning rate is 1.0705112799769267e-05
[2020-03-19 22:48:07,176] root (203) INFO: Learning rate is 4.020666892756708e-06
[2020-03-19 22:48:31,319] root (203) INFO: Learning rate is 1.3468891211232403e-06
[2020-03-19 22:48:55,283] root (203) INFO: Learning rate is 4.277796961105196e-07
[2020-03-19 22:49:13,876] root (203) INFO: Learning rate is 9.99999993922529e-09
[2020-03-19 22:49:37,610] root (203) INFO: Learning rate is 2.1400226614787243e-05
[2020-03-19 22:50:01,943] root (203) INFO: Learning rate is 1.0705112799769267e-05
[2020-03-19 22:50:24,890] root (203) INFO: Learning rate is 4.020666892756708e-06
[2020-03-19 22:50:47,938] root (203) INFO: Learning rate is 1.3468891211232403e-06
[2020-03-19 22:51:11,013] root (203) INFO: Learning rate is 4.277796961105196e-07
[2020-03-19 22:51:28,838] root (203) INFO: Learning rate is 9.99999993922529e-09
[2020-03-19 22:51:51,545] root (203) INFO: Learning rate is 2.1400226614787243e-05
[2020-03-19 22:52:14,107] root (203) INFO: Learning rate is 1.0705112799769267e-05
[2020-03-19 22:52:36,568] root (203) INFO: Learning rate is 4.020666892756708e-06
[2020-03-19 22:52:59,314] root (203) INFO: Learning rate is 1.3468891211232403e-06
[2020-03-19 22:53:21,980] root (203) INFO: Learning rate is 4.277796961105196e-07
[2020-03-19 22:53:39,662] root (203) INFO: Learning rate is 9.99999993922529e-09
[2020-03-19 22:54:01,357] root (203) INFO: Learning rate is 2.1400226614787243e-05
[2020-03-19 22:54:23,880] root (203) INFO: Learning rate is 1.0705112799769267e-05
[2020-03-19 22:54:48,332] root (203) INFO: Learning rate is 4.020666892756708e-06
[2020-03-19 22:55:12,806] root (203) INFO: Learning rate is 1.3468891211232403e-06
[2020-03-19 22:55:37,370] root (203) INFO: Learning rate is 4.277796961105196e-07
[2020-03-19 22:55:55,855] root (203) INFO: Learning rate is 9.99999993922529e-09
[2020-03-19 22:56:19,316] root (203) INFO: Learning rate is 2.1400226614787243e-05
[2020-03-19 22:56:43,854] root (203) INFO: Learning rate is 1.0705112799769267e-05
[2020-03-19 22:57:08,382] root (203) INFO: Learning rate is 4.020666892756708e-06
[2020-03-19 22:57:33,233] root (203) INFO: Learning rate is 1.3468891211232403e-06
[2020-03-19 22:57:57,743] root (203) INFO: Learning rate is 4.277796961105196e-07
[2020-03-19 22:58:17,138] root (203) INFO: Learning rate is 9.99999993922529e-09
[2020-03-19 22:58:39,568] root (203) INFO: Learning rate is 2.1400226614787243e-05
[2020-03-19 22:59:04,032] root (203) INFO: Learning rate is 1.0705112799769267e-05
[2020-03-19 22:59:28,413] root (203) INFO: Learning rate is 4.020666892756708e-06
[2020-03-19 22:59:52,809] root (203) INFO: Learning rate is 1.3468891211232403e-06
[2020-03-19 23:00:16,508] root (203) INFO: Learning rate is 4.277796961105196e-07
[2020-03-19 23:00:34,145] root (203) INFO: Learning rate is 9.99999993922529e-09
[2020-03-19 23:00:55,996] root (203) INFO: Learning rate is 2.1400226614787243e-05
[2020-03-19 23:01:18,622] root (203) INFO: Learning rate is 1.0705112799769267e-05
[2020-03-19 23:01:41,991] root (203) INFO: Learning rate is 4.020666892756708e-06
[2020-03-19 23:02:05,478] root (203) INFO: Learning rate is 1.3468891211232403e-06
[2020-03-19 23:02:29,338] root (203) INFO: Learning rate is 4.277796961105196e-07
[2020-03-19 23:02:47,600] root (203) INFO: Learning rate is 9.99999993922529e-09
[2020-03-19 23:03:09,775] root (203) INFO: Learning rate is 2.1400226614787243e-05
[2020-03-19 23:03:32,905] root (203) INFO: Learning rate is 1.0705112799769267e-05
[2020-03-19 23:03:55,956] root (203) INFO: Learning rate is 4.020666892756708e-06
[2020-03-19 23:04:18,941] root (203) INFO: Learning rate is 1.3468891211232403e-06
[2020-03-19 23:04:43,201] root (203) INFO: Learning rate is 4.277796961105196e-07
[2020-03-19 23:05:01,796] root (203) INFO: Learning rate is 9.99999993922529e-09
[2020-03-19 23:05:25,443] root (203) INFO: Learning rate is 2.1400226614787243e-05
[2020-03-19 23:05:49,735] root (203) INFO: Learning rate is 1.0705112799769267e-05
[2020-03-19 23:06:14,062] root (203) INFO: Learning rate is 4.020666892756708e-06
[2020-03-19 23:06:38,078] root (203) INFO: Learning rate is 1.3468891211232403e-06
[2020-03-19 23:07:02,478] root (203) INFO: Learning rate is 4.277796961105196e-07
[2020-03-19 23:07:21,174] root (203) INFO: Learning rate is 9.99999993922529e-09
[2020-03-19 23:07:44,860] root (203) INFO: Learning rate is 2.1400226614787243e-05
[2020-03-19 23:08:09,168] root (203) INFO: Learning rate is 1.0705112799769267e-05
[2020-03-19 23:08:33,606] root (203) INFO: Learning rate is 4.020666892756708e-06
[2020-03-19 23:08:58,045] root (203) INFO: Learning rate is 1.3468891211232403e-06
[2020-03-19 23:09:22,599] root (203) INFO: Learning rate is 4.277796961105196e-07
[2020-03-19 23:09:41,483] root (203) INFO: Learning rate is 9.99999993922529e-09
[2020-03-19 23:10:05,051] root (203) INFO: Learning rate is 2.1400226614787243e-05
[2020-03-19 23:10:28,330] root (203) INFO: Learning rate is 1.0705112799769267e-05
[2020-03-19 23:10:51,256] root (203) INFO: Learning rate is 4.020666892756708e-06
[2020-03-19 23:11:14,643] root (203) INFO: Learning rate is 1.3468891211232403e-06
[2020-03-19 23:11:38,181] root (203) INFO: Learning rate is 4.277796961105196e-07
[2020-03-19 23:11:55,823] root (203) INFO: Learning rate is 9.99999993922529e-09
[2020-03-19 23:12:17,118] root (203) INFO: Learning rate is 2.1400226614787243e-05
[2020-03-19 23:12:39,769] root (203) INFO: Learning rate is 1.0705112799769267e-05
[2020-03-19 23:13:02,259] root (203) INFO: Learning rate is 4.020666892756708e-06
[2020-03-19 23:13:25,116] root (203) INFO: Learning rate is 1.3468891211232403e-06
[2020-03-19 23:13:47,662] root (203) INFO: Learning rate is 4.277796961105196e-07
[2020-03-19 23:14:04,979] root (203) INFO: Learning rate is 9.99999993922529e-09
[2020-03-19 23:14:26,732] root (203) INFO: Learning rate is 2.1400226614787243e-05
[2020-03-19 23:14:50,813] root (203) INFO: Learning rate is 1.0705112799769267e-05
[2020-03-19 23:15:14,945] root (203) INFO: Learning rate is 4.020666892756708e-06
[2020-03-19 23:15:39,595] root (203) INFO: Learning rate is 1.3468891211232403e-06
[2020-03-19 23:16:03,767] root (203) INFO: Learning rate is 4.277796961105196e-07
[2020-03-19 23:16:22,287] root (203) INFO: Learning rate is 9.99999993922529e-09
[2020-03-19 23:16:46,026] root (203) INFO: Learning rate is 2.1400226614787243e-05
[2020-03-19 23:17:10,078] root (203) INFO: Learning rate is 1.0705112799769267e-05
[2020-03-19 23:17:34,846] root (203) INFO: Learning rate is 4.020666892756708e-06
[2020-03-19 23:17:59,414] root (203) INFO: Learning rate is 1.3468891211232403e-06
[2020-03-19 23:18:23,741] root (203) INFO: Learning rate is 4.277796961105196e-07
[2020-03-19 23:18:42,838] root (203) INFO: Learning rate is 9.99999993922529e-09
[2020-03-19 23:19:06,375] root (203) INFO: Learning rate is 2.1400226614787243e-05
[2020-03-19 23:19:31,092] root (203) INFO: Learning rate is 1.0705112799769267e-05
[2020-03-19 23:19:55,450] root (203) INFO: Learning rate is 4.020666892756708e-06
[2020-03-19 23:20:18,773] root (203) INFO: Learning rate is 1.3468891211232403e-06
[2020-03-19 23:20:41,662] root (203) INFO: Learning rate is 4.277796961105196e-07
[2020-03-19 23:20:59,374] root (203) INFO: Learning rate is 9.99999993922529e-09
[2020-03-19 23:21:21,470] root (203) INFO: Learning rate is 2.1400226614787243e-05
[2020-03-19 23:21:44,617] root (203) INFO: Learning rate is 1.0705112799769267e-05
[2020-03-19 23:22:07,258] root (203) INFO: Learning rate is 4.020666892756708e-06
[2020-03-19 23:22:29,400] root (203) INFO: Learning rate is 1.3468891211232403e-06
[2020-03-19 23:22:51,621] root (203) INFO: Learning rate is 4.277796961105196e-07
[2020-03-19 23:23:08,971] root (203) INFO: Learning rate is 9.99999993922529e-09
[2020-03-19 23:23:31,455] root (203) INFO: Learning rate is 2.1400226614787243e-05
[2020-03-19 23:23:54,087] root (203) INFO: Learning rate is 1.0705112799769267e-05
[2020-03-19 23:24:16,664] root (203) INFO: Learning rate is 4.020666892756708e-06
[2020-03-19 23:24:40,270] root (203) INFO: Learning rate is 1.3468891211232403e-06
[2020-03-19 23:25:04,602] root (203) INFO: Learning rate is 4.277796961105196e-07
[2020-03-19 23:25:23,497] root (203) INFO: Learning rate is 9.99999993922529e-09
[2020-03-19 23:25:47,372] root (203) INFO: Learning rate is 2.1400226614787243e-05
[2020-03-19 23:26:12,437] root (203) INFO: Learning rate is 1.0705112799769267e-05
[2020-03-19 23:26:38,196] root (203) INFO: Learning rate is 4.020666892756708e-06
[2020-03-19 23:27:03,869] root (203) INFO: Learning rate is 1.3468891211232403e-06
[2020-03-19 23:27:29,635] root (203) INFO: Learning rate is 4.277796961105196e-07
[2020-03-19 23:27:49,756] root (203) INFO: Learning rate is 9.99999993922529e-09
[2020-03-19 23:28:13,247] root (203) INFO: Learning rate is 2.1400226614787243e-05
[2020-03-19 23:28:38,424] root (203) INFO: Learning rate is 1.0705112799769267e-05
[2020-03-19 23:29:02,998] root (203) INFO: Learning rate is 4.020666892756708e-06
[2020-03-19 23:29:27,956] root (203) INFO: Learning rate is 1.3468891211232403e-06
[2020-03-19 23:29:52,917] root (203) INFO: Learning rate is 4.277796961105196e-07
[2020-03-19 23:30:11,095] root (203) INFO: Learning rate is 9.99999993922529e-09
[2020-03-19 23:30:33,462] root (203) INFO: Learning rate is 2.1400226614787243e-05
[2020-03-19 23:30:56,488] root (203) INFO: Learning rate is 1.0705112799769267e-05
[2020-03-19 23:31:19,556] root (203) INFO: Learning rate is 4.020666892756708e-06
[2020-03-19 23:31:42,337] root (203) INFO: Learning rate is 1.3468891211232403e-06
[2020-03-19 23:32:04,912] root (203) INFO: Learning rate is 4.277796961105196e-07
[2020-03-19 23:32:22,258] root (203) INFO: Learning rate is 9.99999993922529e-09
[2020-03-19 23:32:44,475] root (203) INFO: Learning rate is 2.1400226614787243e-05
[2020-03-19 23:33:07,055] root (203) INFO: Learning rate is 1.0705112799769267e-05
[2020-03-19 23:33:29,505] root (203) INFO: Learning rate is 4.020666892756708e-06
[2020-03-19 23:33:52,696] root (203) INFO: Learning rate is 1.3468891211232403e-06
[2020-03-19 23:34:15,464] root (203) INFO: Learning rate is 4.277796961105196e-07
[2020-03-19 23:34:33,713] root (203) INFO: Learning rate is 9.99999993922529e-09
[2020-03-19 23:34:56,664] root (203) INFO: Learning rate is 2.1400226614787243e-05
[2020-03-19 23:35:21,089] root (203) INFO: Learning rate is 1.0705112799769267e-05
[2020-03-19 23:35:45,931] root (203) INFO: Learning rate is 4.020666892756708e-06
[2020-03-19 23:36:11,095] root (203) INFO: Learning rate is 1.3468891211232403e-06
[2020-03-19 23:36:35,737] root (203) INFO: Learning rate is 4.277796961105196e-07
[2020-03-19 23:36:55,100] root (203) INFO: Learning rate is 9.99999993922529e-09
[2020-03-19 23:37:18,369] root (203) INFO: Learning rate is 2.1400226614787243e-05
[2020-03-19 23:37:43,121] root (203) INFO: Learning rate is 1.0705112799769267e-05
[2020-03-19 23:38:07,428] root (203) INFO: Learning rate is 4.020666892756708e-06
[2020-03-19 23:38:31,990] root (203) INFO: Learning rate is 1.3468891211232403e-06
[2020-03-19 23:38:56,654] root (203) INFO: Learning rate is 4.277796961105196e-07
[2020-03-19 23:39:15,019] root (203) INFO: Learning rate is 9.99999993922529e-09
[2020-03-19 23:39:37,608] root (203) INFO: Learning rate is 2.1400226614787243e-05
[2020-03-19 23:40:02,091] root (203) INFO: Learning rate is 1.0705112799769267e-05
[2020-03-19 23:40:24,739] root (203) INFO: Learning rate is 4.020666892756708e-06
[2020-03-19 23:40:48,280] root (203) INFO: Learning rate is 1.3468891211232403e-06
[2020-03-19 23:41:11,983] root (203) INFO: Learning rate is 4.277796961105196e-07
[2020-03-19 23:41:30,372] root (203) INFO: Learning rate is 9.99999993922529e-09
[2020-03-19 23:41:52,890] root (203) INFO: Learning rate is 2.1400226614787243e-05
[2020-03-19 23:42:15,751] root (203) INFO: Learning rate is 1.0705112799769267e-05
[2020-03-19 23:42:39,171] root (203) INFO: Learning rate is 4.020666892756708e-06
[2020-03-19 23:43:02,458] root (203) INFO: Learning rate is 1.3468891211232403e-06
[2020-03-19 23:43:25,577] root (203) INFO: Learning rate is 4.277796961105196e-07
[2020-03-19 23:43:43,412] root (203) INFO: Learning rate is 9.99999993922529e-09
[2020-03-19 23:44:05,162] root (203) INFO: Learning rate is 2.1400226614787243e-05
[2020-03-19 23:44:28,513] root (203) INFO: Learning rate is 1.0705112799769267e-05
[2020-03-19 23:44:52,830] root (203) INFO: Learning rate is 4.020666892756708e-06
[2020-03-19 23:45:17,415] root (203) INFO: Learning rate is 1.3468891211232403e-06
[2020-03-19 23:45:41,762] root (203) INFO: Learning rate is 4.277796961105196e-07
[2020-03-19 23:46:00,385] root (203) INFO: Learning rate is 9.99999993922529e-09
[2020-03-19 23:46:23,881] root (203) INFO: Learning rate is 2.1400226614787243e-05
[2020-03-19 23:46:48,238] root (203) INFO: Learning rate is 1.0705112799769267e-05
[2020-03-19 23:47:12,300] root (203) INFO: Learning rate is 4.020666892756708e-06
[2020-03-19 23:47:37,079] root (203) INFO: Learning rate is 1.3468891211232403e-06
[2020-03-19 23:48:01,514] root (203) INFO: Learning rate is 4.277796961105196e-07
[2020-03-19 23:48:20,258] root (203) INFO: Learning rate is 9.99999993922529e-09
[2020-03-19 23:48:43,914] root (203) INFO: Learning rate is 2.1400226614787243e-05
[2020-03-19 23:49:08,530] root (203) INFO: Learning rate is 1.0705112799769267e-05
[2020-03-19 23:49:33,240] root (203) INFO: Learning rate is 4.020666892756708e-06
[2020-03-19 23:49:58,301] root (203) INFO: Learning rate is 1.3468891211232403e-06
[2020-03-19 23:50:21,636] root (203) INFO: Learning rate is 4.277796961105196e-07
[2020-03-19 23:50:39,521] root (203) INFO: Learning rate is 9.99999993922529e-09
[2020-03-19 23:51:01,835] root (203) INFO: Learning rate is 2.1400226614787243e-05
[2020-03-19 23:51:24,662] root (203) INFO: Learning rate is 1.0705112799769267e-05
[2020-03-19 23:51:47,888] root (203) INFO: Learning rate is 4.020666892756708e-06
[2020-03-19 23:52:10,405] root (203) INFO: Learning rate is 1.3468891211232403e-06
[2020-03-19 23:52:32,986] root (203) INFO: Learning rate is 4.277796961105196e-07
[2020-03-19 23:52:50,518] root (203) INFO: Learning rate is 9.99999993922529e-09
[2020-03-19 23:53:12,032] root (203) INFO: Learning rate is 2.1400226614787243e-05
[2020-03-19 23:53:34,425] root (203) INFO: Learning rate is 1.0705112799769267e-05
[2020-03-19 23:53:57,317] root (203) INFO: Learning rate is 4.020666892756708e-06
[2020-03-19 23:54:19,836] root (203) INFO: Learning rate is 1.3468891211232403e-06
[2020-03-19 23:54:43,922] root (203) INFO: Learning rate is 4.277796961105196e-07
[2020-03-19 23:55:03,207] root (203) INFO: Learning rate is 9.99999993922529e-09
[2020-03-19 23:55:26,116] root (203) INFO: Learning rate is 2.1400226614787243e-05
[2020-03-19 23:55:50,588] root (203) INFO: Learning rate is 1.0705112799769267e-05
[2020-03-19 23:56:15,109] root (203) INFO: Learning rate is 4.020666892756708e-06
[2020-03-19 23:56:39,640] root (203) INFO: Learning rate is 1.3468891211232403e-06
[2020-03-19 23:57:04,116] root (203) INFO: Learning rate is 4.277796961105196e-07
[2020-03-19 23:57:23,141] root (203) INFO: Learning rate is 9.99999993922529e-09
[2020-03-19 23:57:47,249] root (203) INFO: Learning rate is 2.1400226614787243e-05
[2020-03-19 23:58:11,547] root (203) INFO: Learning rate is 1.0705112799769267e-05
[2020-03-19 23:58:35,928] root (203) INFO: Learning rate is 4.020666892756708e-06
[2020-03-19 23:59:00,509] root (203) INFO: Learning rate is 1.3468891211232403e-06
[2020-03-19 23:59:24,909] root (203) INFO: Learning rate is 4.277796961105196e-07
[2020-03-19 23:59:43,975] root (203) INFO: Learning rate is 9.99999993922529e-09
[2020-03-20 00:00:07,285] root (203) INFO: Learning rate is 2.1400226614787243e-05
[2020-03-20 00:00:31,543] root (203) INFO: Learning rate is 1.0705112799769267e-05
[2020-03-20 00:00:55,507] root (203) INFO: Learning rate is 4.020666892756708e-06
[2020-03-20 00:01:20,040] root (203) INFO: Learning rate is 1.3468891211232403e-06
[2020-03-20 00:01:44,018] root (203) INFO: Learning rate is 4.277796961105196e-07
[2020-03-20 00:02:02,830] root (203) INFO: Learning rate is 9.99999993922529e-09
[2020-03-20 00:02:27,006] root (203) INFO: Learning rate is 2.1400226614787243e-05
[2020-03-20 00:02:51,301] root (203) INFO: Learning rate is 1.0705112799769267e-05
[2020-03-20 00:03:15,509] root (203) INFO: Learning rate is 4.020666892756708e-06
[2020-03-20 00:03:39,731] root (203) INFO: Learning rate is 1.3468891211232403e-06
[2020-03-20 00:04:04,351] root (203) INFO: Learning rate is 4.277796961105196e-07
[2020-03-20 00:04:23,330] root (203) INFO: Learning rate is 9.99999993922529e-09
[2020-03-20 00:04:47,556] root (203) INFO: Learning rate is 2.1400226614787243e-05
[2020-03-20 00:05:11,760] root (203) INFO: Learning rate is 1.0705112799769267e-05
[2020-03-20 00:05:36,725] root (203) INFO: Learning rate is 4.020666892756708e-06
[2020-03-20 00:06:01,270] root (203) INFO: Learning rate is 1.3468891211232403e-06
[2020-03-20 00:06:25,489] root (203) INFO: Learning rate is 4.277796961105196e-07
[2020-03-20 00:06:44,331] root (203) INFO: Learning rate is 9.99999993922529e-09
[2020-03-20 00:07:07,313] root (203) INFO: Learning rate is 2.1400226614787243e-05
[2020-03-20 00:07:31,532] root (203) INFO: Learning rate is 1.0705112799769267e-05
[2020-03-20 00:07:55,974] root (203) INFO: Learning rate is 4.020666892756708e-06
[2020-03-20 00:08:20,682] root (203) INFO: Learning rate is 1.3468891211232403e-06
[2020-03-20 00:08:45,088] root (203) INFO: Learning rate is 4.277796961105196e-07
[2020-03-20 00:09:03,559] root (203) INFO: Learning rate is 9.99999993922529e-09
[2020-03-20 00:09:26,677] root (203) INFO: Learning rate is 2.1400226614787243e-05
[2020-03-20 00:09:51,280] root (203) INFO: Learning rate is 1.0705112799769267e-05
[2020-03-20 00:10:16,005] root (203) INFO: Learning rate is 4.020666892756708e-06
[2020-03-20 00:10:40,039] root (203) INFO: Learning rate is 1.3468891211232403e-06
[2020-03-20 00:11:04,786] root (203) INFO: Learning rate is 4.277796961105196e-07
[2020-03-20 00:11:23,322] root (203) INFO: Learning rate is 9.99999993922529e-09
[2020-03-20 00:11:46,428] root (203) INFO: Learning rate is 2.1400226614787243e-05
[2020-03-20 00:12:10,959] root (203) INFO: Learning rate is 1.0705112799769267e-05
[2020-03-20 00:12:35,238] root (203) INFO: Learning rate is 4.020666892756708e-06
[2020-03-20 00:12:59,740] root (203) INFO: Learning rate is 1.3468891211232403e-06
[2020-03-20 00:13:24,033] root (203) INFO: Learning rate is 4.277796961105196e-07
[2020-03-20 00:13:42,970] root (203) INFO: Learning rate is 9.99999993922529e-09
[2020-03-20 00:14:06,121] root (203) INFO: Learning rate is 2.1400226614787243e-05
[2020-03-20 00:14:30,459] root (203) INFO: Learning rate is 1.0705112799769267e-05
[2020-03-20 00:14:54,918] root (203) INFO: Learning rate is 4.020666892756708e-06
[2020-03-20 00:15:19,387] root (203) INFO: Learning rate is 1.3468891211232403e-06
[2020-03-20 00:15:43,813] root (203) INFO: Learning rate is 4.277796961105196e-07
[2020-03-20 00:16:02,597] root (203) INFO: Learning rate is 9.99999993922529e-09
[2020-03-20 00:16:25,759] root (203) INFO: Learning rate is 2.1400226614787243e-05
[2020-03-20 00:16:50,159] root (203) INFO: Learning rate is 1.0705112799769267e-05
[2020-03-20 00:17:14,533] root (203) INFO: Learning rate is 4.020666892756708e-06
[2020-03-20 00:17:39,073] root (203) INFO: Learning rate is 1.3468891211232403e-06
[2020-03-20 00:18:03,617] root (203) INFO: Learning rate is 4.277796961105196e-07
[2020-03-20 00:18:22,816] root (203) INFO: Learning rate is 9.99999993922529e-09
[2020-03-20 00:18:46,521] root (203) INFO: Learning rate is 2.1400226614787243e-05
[2020-03-20 00:19:10,971] root (203) INFO: Learning rate is 1.0705112799769267e-05
[2020-03-20 00:19:35,542] root (203) INFO: Learning rate is 4.020666892756708e-06
[2020-03-20 00:20:00,228] root (203) INFO: Learning rate is 1.3468891211232403e-06
[2020-03-20 00:20:24,788] root (203) INFO: Learning rate is 4.277796961105196e-07
[2020-03-20 00:20:43,451] root (203) INFO: Learning rate is 9.99999993922529e-09
[2020-03-20 00:21:06,600] root (203) INFO: Learning rate is 2.1400226614787243e-05
[2020-03-20 00:21:31,602] root (203) INFO: Learning rate is 1.0705112799769267e-05
[2020-03-20 00:21:56,204] root (203) INFO: Learning rate is 4.020666892756708e-06
[2020-03-20 00:22:20,488] root (203) INFO: Learning rate is 1.3468891211232403e-06
[2020-03-20 00:22:44,806] root (203) INFO: Learning rate is 4.277796961105196e-07
[2020-03-20 00:23:03,520] root (203) INFO: Learning rate is 9.99999993922529e-09
[2020-03-20 00:23:26,358] root (203) INFO: Learning rate is 2.1400226614787243e-05
[2020-03-20 00:23:50,782] root (203) INFO: Learning rate is 1.0705112799769267e-05
[2020-03-20 00:24:15,106] root (203) INFO: Learning rate is 4.020666892756708e-06
[2020-03-20 00:24:39,710] root (203) INFO: Learning rate is 1.3468891211232403e-06
[2020-03-20 00:25:04,372] root (203) INFO: Learning rate is 4.277796961105196e-07
[2020-03-20 00:25:23,460] root (203) INFO: Learning rate is 9.99999993922529e-09
[2020-03-20 00:25:46,626] root (203) INFO: Learning rate is 2.1400226614787243e-05
[2020-03-20 00:26:11,059] root (203) INFO: Learning rate is 1.0705112799769267e-05
[2020-03-20 00:26:35,448] root (203) INFO: Learning rate is 4.020666892756708e-06
[2020-03-20 00:26:59,942] root (203) INFO: Learning rate is 1.3468891211232403e-06
[2020-03-20 00:27:24,086] root (203) INFO: Learning rate is 4.277796961105196e-07
[2020-03-20 00:27:42,750] root (203) INFO: Learning rate is 9.99999993922529e-09
[2020-03-20 00:28:06,637] root (203) INFO: Learning rate is 2.1400226614787243e-05
[2020-03-20 00:28:31,146] root (203) INFO: Learning rate is 1.0705112799769267e-05
[2020-03-20 00:28:55,243] root (203) INFO: Learning rate is 4.020666892756708e-06
[2020-03-20 00:29:19,683] root (203) INFO: Learning rate is 1.3468891211232403e-06
[2020-03-20 00:29:44,131] root (203) INFO: Learning rate is 4.277796961105196e-07
[2020-03-20 00:30:02,883] root (203) INFO: Learning rate is 9.99999993922529e-09
[2020-03-20 00:30:26,346] root (203) INFO: Learning rate is 2.1400226614787243e-05
[2020-03-20 00:30:50,369] root (203) INFO: Learning rate is 1.0705112799769267e-05
[2020-03-20 00:31:14,959] root (203) INFO: Learning rate is 4.020666892756708e-06
[2020-03-20 00:31:39,718] root (203) INFO: Learning rate is 1.3468891211232403e-06
[2020-03-20 00:32:04,554] root (203) INFO: Learning rate is 4.277796961105196e-07
[2020-03-20 00:32:23,630] root (203) INFO: Learning rate is 9.99999993922529e-09
[2020-03-20 00:32:47,936] root (203) INFO: Learning rate is 2.1400226614787243e-05
[2020-03-20 00:33:12,014] root (203) INFO: Learning rate is 1.0705112799769267e-05
[2020-03-20 00:33:36,626] root (203) INFO: Learning rate is 4.020666892756708e-06
[2020-03-20 00:34:01,203] root (203) INFO: Learning rate is 1.3468891211232403e-06
[2020-03-20 00:34:25,569] root (203) INFO: Learning rate is 4.277796961105196e-07
[2020-03-20 00:34:44,704] root (203) INFO: Learning rate is 9.99999993922529e-09
[2020-03-20 00:35:08,048] root (203) INFO: Learning rate is 2.1400226614787243e-05
[2020-03-20 00:35:32,137] root (203) INFO: Learning rate is 1.0705112799769267e-05
[2020-03-20 00:35:56,672] root (203) INFO: Learning rate is 4.020666892756708e-06
[2020-03-20 00:36:21,059] root (203) INFO: Learning rate is 1.3468891211232403e-06
[2020-03-20 00:36:45,752] root (203) INFO: Learning rate is 4.277796961105196e-07
[2020-03-20 00:37:04,689] root (203) INFO: Learning rate is 9.99999993922529e-09
[2020-03-20 00:37:28,815] root (203) INFO: Learning rate is 2.1400226614787243e-05
[2020-03-20 00:37:53,320] root (203) INFO: Learning rate is 1.0705112799769267e-05
[2020-03-20 00:38:17,938] root (203) INFO: Learning rate is 4.020666892756708e-06
[2020-03-20 00:38:42,135] root (203) INFO: Learning rate is 1.3468891211232403e-06
[2020-03-20 00:39:06,605] root (203) INFO: Learning rate is 4.277796961105196e-07
[2020-03-20 00:39:25,347] root (203) INFO: Learning rate is 9.99999993922529e-09
[2020-03-20 00:39:47,836] root (203) INFO: Learning rate is 2.1400226614787243e-05
[2020-03-20 00:40:12,380] root (203) INFO: Learning rate is 1.0705112799769267e-05
[2020-03-20 00:40:36,232] root (203) INFO: Learning rate is 4.020666892756708e-06
[2020-03-20 00:41:00,028] root (203) INFO: Learning rate is 1.3468891211232403e-06
[2020-03-20 00:41:24,295] root (203) INFO: Learning rate is 4.277796961105196e-07
[2020-03-20 00:41:43,268] root (203) INFO: Learning rate is 9.99999993922529e-09
[2020-03-20 00:42:05,109] root (203) INFO: Learning rate is 2.1400226614787243e-05
[2020-03-20 00:42:29,147] root (203) INFO: Learning rate is 1.0705112799769267e-05
[2020-03-20 00:42:53,064] root (203) INFO: Learning rate is 4.020666892756708e-06
[2020-03-20 00:43:17,178] root (203) INFO: Learning rate is 1.3468891211232403e-06
[2020-03-20 00:43:41,238] root (203) INFO: Learning rate is 4.277796961105196e-07
[2020-03-20 00:44:00,099] root (203) INFO: Learning rate is 9.99999993922529e-09
[2020-03-20 00:44:22,198] root (203) INFO: Learning rate is 2.1400226614787243e-05
[2020-03-20 00:44:46,059] root (203) INFO: Learning rate is 1.0705112799769267e-05
[2020-03-20 00:45:10,182] root (203) INFO: Learning rate is 4.020666892756708e-06
[2020-03-20 00:45:34,440] root (203) INFO: Learning rate is 1.3468891211232403e-06
[2020-03-20 00:45:57,990] root (203) INFO: Learning rate is 4.277796961105196e-07
[2020-03-20 00:46:16,721] root (203) INFO: Learning rate is 9.99999993922529e-09
[2020-03-20 00:46:39,560] root (203) INFO: Learning rate is 2.1400226614787243e-05
[2020-03-20 00:47:03,548] root (203) INFO: Learning rate is 1.0705112799769267e-05
[2020-03-20 00:47:28,048] root (203) INFO: Learning rate is 4.020666892756708e-06
[2020-03-20 00:47:52,360] root (203) INFO: Learning rate is 1.3468891211232403e-06
[2020-03-20 00:48:16,389] root (203) INFO: Learning rate is 4.277796961105196e-07
[2020-03-20 00:48:35,091] root (203) INFO: Learning rate is 9.99999993922529e-09
[2020-03-20 00:48:57,799] root (203) INFO: Learning rate is 2.1400226614787243e-05
[2020-03-20 00:49:22,023] root (203) INFO: Learning rate is 1.0705112799769267e-05
[2020-03-20 00:49:46,046] root (203) INFO: Learning rate is 4.020666892756708e-06
[2020-03-20 00:50:10,301] root (203) INFO: Learning rate is 1.3468891211232403e-06
[2020-03-20 00:50:34,337] root (203) INFO: Learning rate is 4.277796961105196e-07
[2020-03-20 00:50:52,832] root (203) INFO: Learning rate is 9.99999993922529e-09
[2020-03-20 00:51:15,348] root (203) INFO: Learning rate is 2.1400226614787243e-05
[2020-03-20 00:51:39,080] root (203) INFO: Learning rate is 1.0705112799769267e-05
[2020-03-20 00:52:03,167] root (203) INFO: Learning rate is 4.020666892756708e-06
[2020-03-20 00:52:27,067] root (203) INFO: Learning rate is 1.3468891211232403e-06
[2020-03-20 00:52:50,883] root (203) INFO: Learning rate is 4.277796961105196e-07
[2020-03-20 00:53:09,445] root (203) INFO: Learning rate is 9.99999993922529e-09
[2020-03-20 00:53:31,628] root (203) INFO: Learning rate is 2.1400226614787243e-05
[2020-03-20 00:53:55,541] root (203) INFO: Learning rate is 1.0705112799769267e-05
[2020-03-20 00:54:19,637] root (203) INFO: Learning rate is 4.020666892756708e-06
[2020-03-20 00:54:43,738] root (203) INFO: Learning rate is 1.3468891211232403e-06
[2020-03-20 00:55:07,912] root (203) INFO: Learning rate is 4.277796961105196e-07
[2020-03-20 00:55:26,535] root (203) INFO: Learning rate is 9.99999993922529e-09
[2020-03-20 00:55:48,632] root (203) INFO: Learning rate is 2.1400226614787243e-05
[2020-03-20 00:56:12,627] root (203) INFO: Learning rate is 1.0705112799769267e-05
[2020-03-20 00:56:36,730] root (203) INFO: Learning rate is 4.020666892756708e-06
[2020-03-20 00:57:00,619] root (203) INFO: Learning rate is 1.3468891211232403e-06
[2020-03-20 00:57:24,645] root (203) INFO: Learning rate is 4.277796961105196e-07
[2020-03-20 00:57:43,555] root (203) INFO: Learning rate is 9.99999993922529e-09
[2020-03-20 00:58:05,579] root (203) INFO: Learning rate is 2.1400226614787243e-05
[2020-03-20 00:58:29,543] root (203) INFO: Learning rate is 1.0705112799769267e-05
[2020-03-20 00:58:53,801] root (203) INFO: Learning rate is 4.020666892756708e-06
[2020-03-20 00:59:17,894] root (203) INFO: Learning rate is 1.3468891211232403e-06
[2020-03-20 00:59:41,780] root (203) INFO: Learning rate is 4.277796961105196e-07
[2020-03-20 01:00:00,595] root (203) INFO: Learning rate is 9.99999993922529e-09
[2020-03-20 01:00:24,032] root (203) INFO: Learning rate is 2.1400226614787243e-05
[2020-03-20 01:00:47,378] root (203) INFO: Learning rate is 1.0705112799769267e-05
[2020-03-20 01:01:12,017] root (203) INFO: Learning rate is 4.020666892756708e-06
[2020-03-20 01:01:37,150] root (203) INFO: Learning rate is 1.3468891211232403e-06
[2020-03-20 01:02:02,433] root (203) INFO: Learning rate is 4.277796961105196e-07
[2020-03-20 01:02:21,892] root (203) INFO: Learning rate is 9.99999993922529e-09
[2020-03-20 01:02:46,110] root (203) INFO: Learning rate is 2.1400226614787243e-05
[2020-03-20 01:03:10,978] root (203) INFO: Learning rate is 1.0705112799769267e-05
[2020-03-20 01:03:35,778] root (203) INFO: Learning rate is 4.020666892756708e-06
[2020-03-20 01:04:00,978] root (203) INFO: Learning rate is 1.3468891211232403e-06
[2020-03-20 01:04:26,370] root (203) INFO: Learning rate is 4.277796961105196e-07
[2020-03-20 01:04:45,743] root (203) INFO: Learning rate is 9.99999993922529e-09
[2020-03-20 01:05:08,668] root (203) INFO: Learning rate is 2.1400226614787243e-05
[2020-03-20 01:05:32,942] root (203) INFO: Learning rate is 1.0705112799769267e-05
[2020-03-20 01:05:57,518] root (203) INFO: Learning rate is 4.020666892756708e-06
[2020-03-20 01:06:22,086] root (203) INFO: Learning rate is 1.3468891211232403e-06
[2020-03-20 01:06:46,755] root (203) INFO: Learning rate is 4.277796961105196e-07
[2020-03-20 01:07:05,442] root (203) INFO: Learning rate is 9.99999993922529e-09
[2020-03-20 01:07:27,567] root (203) INFO: Learning rate is 2.1400226614787243e-05
[2020-03-20 01:07:51,253] root (203) INFO: Learning rate is 1.0705112799769267e-05
[2020-03-20 01:08:15,525] root (203) INFO: Learning rate is 4.020666892756708e-06
[2020-03-20 01:08:40,015] root (203) INFO: Learning rate is 1.3468891211232403e-06
[2020-03-20 01:09:04,414] root (203) INFO: Learning rate is 4.277796961105196e-07
[2020-03-20 01:09:23,443] root (203) INFO: Learning rate is 9.99999993922529e-09
[2020-03-20 01:09:46,000] root (203) INFO: Learning rate is 2.1400226614787243e-05
[2020-03-20 01:10:10,283] root (203) INFO: Learning rate is 1.0705112799769267e-05
[2020-03-20 01:10:35,099] root (203) INFO: Learning rate is 4.020666892756708e-06
[2020-03-20 01:10:59,333] root (203) INFO: Learning rate is 1.3468891211232403e-06
[2020-03-20 01:11:23,567] root (203) INFO: Learning rate is 4.277796961105196e-07
